<?xml version="1.0" encoding="UTF-8"?>
<testng-results ignored="0" total="2" passed="2" failed="0" skipped="0">
  <reporter-output>
  </reporter-output>
  <suite started-at="2021-04-03T16:06:01 IST" name="Default suite" finished-at="2021-04-03T16:06:25 IST" duration-ms="23404">
    <groups>
    </groups>
    <test started-at="2021-04-03T16:06:01 IST" name="Default test" finished-at="2021-04-03T16:06:25 IST" duration-ms="23404">
      <class name="testng.Logintest">
        <test-method is-config="true" signature="beforetest()[pri:0, instance:testng.Logintest@54c562f7]" started-at="2021-04-03T16:06:01 IST" name="beforetest" finished-at="2021-04-03T16:06:02 IST" duration-ms="295" status="PASS">
          <reporter-output>
          </reporter-output>
        </test-method> <!-- beforetest -->
        <test-method signature="test1()[pri:0, instance:testng.Logintest@54c562f7]" started-at="2021-04-03T16:06:02 IST" name="test1" finished-at="2021-04-03T16:06:24 IST" duration-ms="22620" status="PASS">
          <reporter-output>
          </reporter-output>
        </test-method> <!-- test1 -->
        <test-method signature="test2()[pri:0, instance:testng.Logintest@54c562f7]" started-at="2021-04-03T16:06:24 IST" name="test2" finished-at="2021-04-03T16:06:24 IST" duration-ms="2" status="PASS">
          <reporter-output>
          </reporter-output>
        </test-method> <!-- test2 -->
        <test-method is-config="true" signature="aftertest()[pri:0, instance:testng.Logintest@54c562f7]" started-at="2021-04-03T16:06:24 IST" name="aftertest" finished-at="2021-04-03T16:06:25 IST" duration-ms="433" status="PASS">
          <reporter-output>
          </reporter-output>
        </test-method> <!-- aftertest -->
      </class> <!-- testng.Logintest -->
    </test> <!-- Default test -->
  </suite> <!-- Default suite -->
</testng-results>
