<?xml version="1.0" encoding="UTF-8"?>
<!-- Generated by org.testng.reporters.JUnitXMLReporter -->
<testsuite ignored="0" hostname="SYED-ZEESHAN-ALI" failures="1" tests="1" name="Test(failed)" time="0.097" errors="0" timestamp="2021-03-29T21:17:25 IST">
  <testcase classname="testng.logintest2" name="test4" time="0.019">
    <failure type="java.lang.AssertionError" message="expected [ali] but found [syed]">
      <![CDATA[java.lang.AssertionError: expected [ali] but found [syed]
at testng.logintest2.test4(logintest2.java:12)
at java.base/java.util.ArrayList.forEach(ArrayList.java:1510)
... Removed 33 stack frames]]>
    </failure>
  </testcase> <!-- test4 -->
</testsuite> <!-- Test(failed) -->
