<?xml version="1.0" encoding="UTF-8"?>
<!-- Generated by org.testng.reporters.JUnitXMLReporter -->
<testsuite ignored="0" hostname="SYED-ZEESHAN-ALI" failures="0" tests="1" name="mytest1" time="0.184" errors="0" timestamp="2021-03-30T17:23:59 IST">
  <testcase classname="testng.Logintest" name="@BeforeTest beforetest" time="0.103">
    <failure type="java.lang.NoClassDefFoundError" message="freemarker/template/TemplateException">
      <![CDATA[java.lang.NoClassDefFoundError: freemarker/template/TemplateException
at com.relevantcodes.extentreports.ExtentReports.<init>(ExtentReports.java:78)
at com.relevantcodes.extentreports.ExtentReports.<init>(ExtentReports.java:362)
at testng.Logintest.beforetest(Logintest.java:18)
Caused by: java.lang.ClassNotFoundException: freemarker.template.TemplateException
at java.base/jdk.internal.loader.BuiltinClassLoader.loadClass(BuiltinClassLoader.java:602)
at java.base/jdk.internal.loader.ClassLoaders$AppClassLoader.loadClass(ClassLoaders.java:178)
at java.base/java.lang.ClassLoader.loadClass(ClassLoader.java:522)
... 27 more
... Removed 24 stack frames]]>
    </failure>
  </testcase> <!-- @BeforeTest beforetest -->
  <testcase classname="testng.Logintest" name="@AfterTest aftertest" time="-1.617105239544E9">
    <skipped/>
  </testcase> <!-- @AfterTest aftertest -->
  <testcase classname="testng.Logintest" name="test1" time="0.0">
    <skipped/>
  </testcase> <!-- test1 -->
</testsuite> <!-- mytest1 -->
