<?xml version="1.0" encoding="UTF-8"?>
<!-- Generated by org.testng.reporters.JUnitXMLReporter -->
<testsuite ignored="0" hostname="SYED-ZEESHAN-ALI" failures="0" tests="4" name="Test" time="0.099" errors="0" timestamp="2021-03-29T21:19:40 IST">
  <testcase classname="testng.Logintest" name="test1" time="0.009"/>
  <testcase classname="testng.Logintest" name="test2" time="0.002"/>
  <testcase classname="testng.Logintest" name="test3" time="0.004"/>
  <testcase classname="testng.logintest2" name="test4" time="0.004"/>
</testsuite> <!-- Test -->
